<?xml version="1.0" encoding="UTF-8"?>
<!-- Generated by org.testng.reporters.JUnitXMLReporter -->
<testsuite ignored="0" hostname="HRDTECHDESK" failures="2" tests="5" name="Chrome Browser Test" time="34.976" errors="0" timestamp="2025-12-21T15:32:46 IST">
  <testcase classname="testCases.TC_004_loginDDT_1" name="performDDTLogin" time="3.241">
    <failure type="java.lang.AssertionError" message="expected [true] but found [false]">
      <![CDATA[java.lang.AssertionError: expected [true] but found [false]
at testCases.TC_004_loginDDT_1.performDDTLogin(TC_004_loginDDT_1.java:66)
at java.base/java.util.ArrayList.forEach(ArrayList.java:1597)
at java.base/java.util.concurrent.FutureTask.run(FutureTask.java:317)
at java.base/java.util.concurrent.ThreadPoolExecutor.runWorker(ThreadPoolExecutor.java:1144)
at java.base/java.util.concurrent.ThreadPoolExecutor$Worker.run(ThreadPoolExecutor.java:642)
at java.base/java.lang.Thread.run(Thread.java:1575)
... Removed 19 stack frames]]>
    </failure>
  </testcase> <!-- performDDTLogin -->
  <testcase classname="testCases.TC_004_loginDDT_1" name="performDDTLogin" time="2.51"/>
  <testcase classname="testCases.TC_004_loginDDT_1" name="performDDTLogin" time="2.837">
    <failure type="java.lang.AssertionError" message="expected [true] but found [false]">
      <![CDATA[java.lang.AssertionError: expected [true] but found [false]
at testCases.TC_004_loginDDT_1.performDDTLogin(TC_004_loginDDT_1.java:66)
at java.base/java.util.ArrayList.forEach(ArrayList.java:1597)
at java.base/java.util.concurrent.FutureTask.run(FutureTask.java:317)
at java.base/java.util.concurrent.ThreadPoolExecutor.runWorker(ThreadPoolExecutor.java:1144)
at java.base/java.util.concurrent.ThreadPoolExecutor$Worker.run(ThreadPoolExecutor.java:642)
at java.base/java.lang.Thread.run(Thread.java:1575)
... Removed 19 stack frames]]>
    </failure>
  </testcase> <!-- performDDTLogin -->
  <testcase classname="testCases.TC_004_loginDDT_1" name="performDDTLogin" time="20.702"/>
  <testcase classname="testCases.TC_004_loginDDT_1" name="performDDTLogin" time="0.123"/>
</testsuite> <!-- Chrome Browser Test -->
