<?xml version="1.0" encoding="UTF-8"?>
<!-- Generated by org.testng.reporters.JUnitXMLReporter -->
<testsuite ignored="1" hostname="HRDTECHDESK" failures="0" tests="1" name="Chrome Browser Test" time="8.323" errors="0" timestamp="2025-12-20T18:49:01 IST">
  <testcase classname="testCases.TC_003_login" name="performLogin" time="3.802"/>
  <testcase classname="testCases.TC_004_loginDDT_1" name="performDDTLogin" time="0.0">
    <ignored/>
  </testcase> <!-- performDDTLogin -->
</testsuite> <!-- Chrome Browser Test -->
