<?xml version="1.0" encoding="UTF-8"?>
<!-- Generated by org.testng.reporters.JUnitXMLReporter -->
<testsuite ignored="0" hostname="HRDTECHDESK" failures="0" tests="5" name="Firefox Browser Test" time="70.164" errors="0" timestamp="2025-12-20T18:04:26 IST">
  <testcase classname="testCases.TC_004_loginDDT_1" name="performDDTLogin" time="59.732"/>
  <testcase classname="testCases.TC_004_loginDDT_1" name="performDDTLogin" time="0.016"/>
  <testcase classname="testCases.TC_004_loginDDT_1" name="performDDTLogin" time="0.011"/>
  <testcase classname="testCases.TC_004_loginDDT_1" name="performDDTLogin" time="0.011"/>
  <testcase classname="testCases.TC_004_loginDDT_1" name="performDDTLogin" time="0.008"/>
</testsuite> <!-- Firefox Browser Test -->
