<?xml version="1.0" encoding="UTF-8"?>
<testng-results ignored="1" total="2" passed="1" failed="0" skipped="0">
  <reporter-output>
  </reporter-output>
  <suite started-at="2025-12-20T18:48:53 IST" name="Test Suite" finished-at="2025-12-20T18:49:01 IST" duration-ms="8323">
    <groups>
      <group name="Master">
        <method signature="TC_003_login.performLogin()[pri:0, instance:testCases.TC_003_login@757277dc]" name="performLogin" class="testCases.TC_003_login"/>
      </group> <!-- Master -->
    </groups>
    <test started-at="2025-12-20T18:48:53 IST" name="Chrome Browser Test" finished-at="2025-12-20T18:49:01 IST" duration-ms="8323">
      <class name="testCases.TC_003_login">
        <test-method is-config="true" signature="testSetup(java.lang.String,java.lang.String)[pri:0, instance:testCases.TC_003_login@757277dc]" started-at="2025-12-20T18:48:53 IST" name="testSetup" finished-at="2025-12-20T18:48:57 IST" duration-ms="4134" status="PASS">
          <params>
            <param index="0">
              <value>
                <![CDATA[windows]]>
              </value>
            </param>
            <param index="1">
              <value>
                <![CDATA[chrome]]>
              </value>
            </param>
          </params>
          <reporter-output>
          </reporter-output>
        </test-method> <!-- testSetup -->
        <test-method signature="performLogin()[pri:0, instance:testCases.TC_003_login@757277dc]" started-at="2025-12-20T18:48:57 IST" name="performLogin" finished-at="2025-12-20T18:49:01 IST" duration-ms="3802" status="PASS">
          <reporter-output>
          </reporter-output>
        </test-method> <!-- performLogin -->
        <test-method is-config="true" signature="testTeardown()[pri:0, instance:testCases.TC_003_login@757277dc]" started-at="2025-12-20T18:49:01 IST" name="testTeardown" finished-at="2025-12-20T18:49:01 IST" duration-ms="303" status="PASS">
          <reporter-output>
          </reporter-output>
        </test-method> <!-- testTeardown -->
      </class> <!-- testCases.TC_003_login -->
    </test> <!-- Chrome Browser Test -->
  </suite> <!-- Test Suite -->
</testng-results>
