<?xml version="1.0" encoding="UTF-8"?>
<testng-results ignored="0" total="5" passed="3" failed="2" skipped="0">
  <reporter-output>
  </reporter-output>
  <suite started-at="2025-12-21T15:32:11 IST" name="Test Suite" finished-at="2025-12-21T15:32:46 IST" duration-ms="34976">
    <groups>
      <group name="Datadriven">
        <method signature="TC_004_loginDDT_1.performDDTLogin(java.lang.String,java.lang.String,java.lang.String)[pri:0, instance:testCases.TC_004_loginDDT_1@6a2f6f80]" name="performDDTLogin" class="testCases.TC_004_loginDDT_1"/>
      </group> <!-- Datadriven -->
    </groups>
    <test started-at="2025-12-21T15:32:11 IST" name="Chrome Browser Test" finished-at="2025-12-21T15:32:46 IST" duration-ms="34976">
      <class name="testCases.TC_004_loginDDT_1">
        <test-method is-config="true" signature="testSetup(java.lang.String,java.lang.String)[pri:0, instance:testCases.TC_004_loginDDT_1@6a2f6f80]" started-at="2025-12-21T15:32:11 IST" name="testSetup" finished-at="2025-12-21T15:32:15 IST" duration-ms="3228" status="PASS">
          <params>
            <param index="0">
              <value>
                <![CDATA[windows]]>
              </value>
            </param>
            <param index="1">
              <value>
                <![CDATA[chrome]]>
              </value>
            </param>
          </params>
          <reporter-output>
          </reporter-output>
        </test-method> <!-- testSetup -->
        <test-method signature="performDDTLogin(java.lang.String,java.lang.String,java.lang.String)[pri:0, instance:testCases.TC_004_loginDDT_1@6a2f6f80]" started-at="2025-12-21T15:32:17 IST" name="performDDTLogin" data-provider="LoginData" finished-at="2025-12-21T15:32:20 IST" duration-ms="3241" status="FAIL">
          <params>
            <param index="0">
              <value>
                <![CDATA[ce.hardikdave@gmail.com]]>
              </value>
            </param>
            <param index="1">
              <value>
                <![CDATA[Encrypt@1827]]>
              </value>
            </param>
            <param index="2">
              <value>
                <![CDATA[Invalid]]>
              </value>
            </param>
          </params>
          <exception class="java.lang.AssertionError">
            <message>
              <![CDATA[expected [true] but found [false]]]>
            </message>
            <full-stacktrace>
              <![CDATA[java.lang.AssertionError: expected [true] but found [false]
at org.testng.Assert.fail(Assert.java:111)
at org.testng.Assert.failNotEquals(Assert.java:1590)
at org.testng.Assert.assertTrue(Assert.java:57)
at org.testng.Assert.assertTrue(Assert.java:67)
at testCases.TC_004_loginDDT_1.performDDTLogin(TC_004_loginDDT_1.java:66)
at java.base/jdk.internal.reflect.DirectMethodHandleAccessor.invoke(DirectMethodHandleAccessor.java:103)
at java.base/java.lang.reflect.Method.invoke(Method.java:580)
at org.testng.internal.invokers.MethodInvocationHelper.invokeMethod(MethodInvocationHelper.java:141)
at org.testng.internal.invokers.TestInvoker.invokeMethod(TestInvoker.java:687)
at org.testng.internal.invokers.TestInvoker.invokeTestMethod(TestInvoker.java:230)
at org.testng.internal.invokers.MethodRunner.runInSequence(MethodRunner.java:63)
at org.testng.internal.invokers.TestInvoker$MethodInvocationAgent.invoke(TestInvoker.java:995)
at org.testng.internal.invokers.TestInvoker.invokeTestMethods(TestInvoker.java:203)
at org.testng.internal.invokers.TestMethodWorker.invokeTestMethods(TestMethodWorker.java:154)
at org.testng.internal.invokers.TestMethodWorker.run(TestMethodWorker.java:134)
at java.base/java.util.ArrayList.forEach(ArrayList.java:1597)
at org.testng.TestRunner.privateRun(TestRunner.java:741)
at org.testng.TestRunner.run(TestRunner.java:616)
at org.testng.SuiteRunner.runTest(SuiteRunner.java:421)
at org.testng.SuiteRunner$SuiteWorker.run(SuiteRunner.java:463)
at org.testng.internal.thread.ThreadUtil.lambda$execute$0(ThreadUtil.java:64)
at java.base/java.util.concurrent.FutureTask.run(FutureTask.java:317)
at java.base/java.util.concurrent.ThreadPoolExecutor.runWorker(ThreadPoolExecutor.java:1144)
at java.base/java.util.concurrent.ThreadPoolExecutor$Worker.run(ThreadPoolExecutor.java:642)
at java.base/java.lang.Thread.run(Thread.java:1575)
]]>
            </full-stacktrace>
          </exception> <!-- java.lang.AssertionError -->
          <reporter-output>
          </reporter-output>
        </test-method> <!-- performDDTLogin -->
        <test-method signature="performDDTLogin(java.lang.String,java.lang.String,java.lang.String)[pri:0, instance:testCases.TC_004_loginDDT_1@6a2f6f80]" started-at="2025-12-21T15:32:20 IST" name="performDDTLogin" data-provider="LoginData" finished-at="2025-12-21T15:32:23 IST" duration-ms="2510" status="PASS">
          <params>
            <param index="0">
              <value>
                <![CDATA[lakshmi@yahoo.com]]>
              </value>
            </param>
            <param index="1">
              <value>
                <![CDATA[Laxmi]]>
              </value>
            </param>
            <param index="2">
              <value>
                <![CDATA[Valid]]>
              </value>
            </param>
          </params>
          <reporter-output>
          </reporter-output>
        </test-method> <!-- performDDTLogin -->
        <test-method signature="performDDTLogin(java.lang.String,java.lang.String,java.lang.String)[pri:0, instance:testCases.TC_004_loginDDT_1@6a2f6f80]" started-at="2025-12-21T15:32:23 IST" name="performDDTLogin" data-provider="LoginData" finished-at="2025-12-21T15:32:25 IST" duration-ms="2837" status="FAIL">
          <params>
            <param index="0">
              <value>
                <![CDATA[laksh@yahoo.com]]>
              </value>
            </param>
            <param index="1">
              <value>
                <![CDATA[Lakshmi]]>
              </value>
            </param>
            <param index="2">
              <value>
                <![CDATA[Invalid]]>
              </value>
            </param>
          </params>
          <exception class="java.lang.AssertionError">
            <message>
              <![CDATA[expected [true] but found [false]]]>
            </message>
            <full-stacktrace>
              <![CDATA[java.lang.AssertionError: expected [true] but found [false]
at org.testng.Assert.fail(Assert.java:111)
at org.testng.Assert.failNotEquals(Assert.java:1590)
at org.testng.Assert.assertTrue(Assert.java:57)
at org.testng.Assert.assertTrue(Assert.java:67)
at testCases.TC_004_loginDDT_1.performDDTLogin(TC_004_loginDDT_1.java:66)
at java.base/jdk.internal.reflect.DirectMethodHandleAccessor.invoke(DirectMethodHandleAccessor.java:103)
at java.base/java.lang.reflect.Method.invoke(Method.java:580)
at org.testng.internal.invokers.MethodInvocationHelper.invokeMethod(MethodInvocationHelper.java:141)
at org.testng.internal.invokers.TestInvoker.invokeMethod(TestInvoker.java:687)
at org.testng.internal.invokers.TestInvoker.invokeTestMethod(TestInvoker.java:230)
at org.testng.internal.invokers.MethodRunner.runInSequence(MethodRunner.java:63)
at org.testng.internal.invokers.TestInvoker$MethodInvocationAgent.invoke(TestInvoker.java:995)
at org.testng.internal.invokers.TestInvoker.invokeTestMethods(TestInvoker.java:203)
at org.testng.internal.invokers.TestMethodWorker.invokeTestMethods(TestMethodWorker.java:154)
at org.testng.internal.invokers.TestMethodWorker.run(TestMethodWorker.java:134)
at java.base/java.util.ArrayList.forEach(ArrayList.java:1597)
at org.testng.TestRunner.privateRun(TestRunner.java:741)
at org.testng.TestRunner.run(TestRunner.java:616)
at org.testng.SuiteRunner.runTest(SuiteRunner.java:421)
at org.testng.SuiteRunner$SuiteWorker.run(SuiteRunner.java:463)
at org.testng.internal.thread.ThreadUtil.lambda$execute$0(ThreadUtil.java:64)
at java.base/java.util.concurrent.FutureTask.run(FutureTask.java:317)
at java.base/java.util.concurrent.ThreadPoolExecutor.runWorker(ThreadPoolExecutor.java:1144)
at java.base/java.util.concurrent.ThreadPoolExecutor$Worker.run(ThreadPoolExecutor.java:642)
at java.base/java.lang.Thread.run(Thread.java:1575)
]]>
            </full-stacktrace>
          </exception> <!-- java.lang.AssertionError -->
          <reporter-output>
          </reporter-output>
        </test-method> <!-- performDDTLogin -->
        <test-method signature="performDDTLogin(java.lang.String,java.lang.String,java.lang.String)[pri:0, instance:testCases.TC_004_loginDDT_1@6a2f6f80]" started-at="2025-12-21T15:32:25 IST" name="performDDTLogin" data-provider="LoginData" finished-at="2025-12-21T15:32:46 IST" duration-ms="20702" status="PASS">
          <params>
            <param index="0">
              <value>
                <![CDATA[laks@yahoo.com]]>
              </value>
            </param>
            <param index="1">
              <value>
                <![CDATA[xyz]]>
              </value>
            </param>
            <param index="2">
              <value>
                <![CDATA[Invalid]]>
              </value>
            </param>
          </params>
          <reporter-output>
          </reporter-output>
        </test-method> <!-- performDDTLogin -->
        <test-method signature="performDDTLogin(java.lang.String,java.lang.String,java.lang.String)[pri:0, instance:testCases.TC_004_loginDDT_1@6a2f6f80]" started-at="2025-12-21T15:32:46 IST" name="performDDTLogin" data-provider="LoginData" finished-at="2025-12-21T15:32:46 IST" duration-ms="123" status="PASS">
          <params>
            <param index="0">
              <value>
                <![CDATA[ce.hardikrdave@gmail.com]]>
              </value>
            </param>
            <param index="1">
              <value>
                <![CDATA[Encrypt@1827]]>
              </value>
            </param>
            <param index="2">
              <value>
                <![CDATA[Invalid]]>
              </value>
            </param>
          </params>
          <reporter-output>
          </reporter-output>
        </test-method> <!-- performDDTLogin -->
        <test-method is-config="true" signature="testTeardown()[pri:0, instance:testCases.TC_004_loginDDT_1@6a2f6f80]" started-at="2025-12-21T15:32:46 IST" name="testTeardown" finished-at="2025-12-21T15:32:46 IST" duration-ms="54" status="PASS">
          <reporter-output>
          </reporter-output>
        </test-method> <!-- testTeardown -->
      </class> <!-- testCases.TC_004_loginDDT_1 -->
    </test> <!-- Chrome Browser Test -->
  </suite> <!-- Test Suite -->
</testng-results>
