<?xml version="1.0" encoding="UTF-8"?>
<testng-results ignored="0" total="1" passed="1" failed="0" skipped="0">
  <reporter-output>
  </reporter-output>
  <suite started-at="2025-12-19T20:31:52 IST" name="Test Suite" finished-at="2025-12-19T20:32:09 IST" duration-ms="16997">
    <groups>
    </groups>
    <test started-at="2025-12-19T20:31:52 IST" name="Firefox Browser Test" finished-at="2025-12-19T20:32:09 IST" duration-ms="16997">
      <class name="testCases.TC_001_Login">
        <test-method is-config="true" signature="testSetup(java.lang.String,java.lang.String)[pri:0, instance:testCases.TC_001_Login@6a2f6f80]" started-at="2025-12-19T20:31:52 IST" name="testSetup" finished-at="2025-12-19T20:31:59 IST" duration-ms="7295" status="PASS">
          <params>
            <param index="0">
              <value>
                <![CDATA[windows]]>
              </value>
            </param>
            <param index="1">
              <value>
                <![CDATA[firefox]]>
              </value>
            </param>
          </params>
          <reporter-output>
          </reporter-output>
        </test-method> <!-- testSetup -->
        <test-method signature="performLogin()[pri:0, instance:testCases.TC_001_Login@6a2f6f80]" started-at="2025-12-19T20:31:59 IST" name="performLogin" finished-at="2025-12-19T20:32:08 IST" duration-ms="8396" status="PASS">
          <reporter-output>
          </reporter-output>
        </test-method> <!-- performLogin -->
        <test-method is-config="true" signature="testTeardown()[pri:0, instance:testCases.TC_001_Login@6a2f6f80]" started-at="2025-12-19T20:32:08 IST" name="testTeardown" finished-at="2025-12-19T20:32:09 IST" duration-ms="1263" status="PASS">
          <reporter-output>
          </reporter-output>
        </test-method> <!-- testTeardown -->
      </class> <!-- testCases.TC_001_Login -->
    </test> <!-- Firefox Browser Test -->
  </suite> <!-- Test Suite -->
</testng-results>
