<?xml version="1.0" encoding="UTF-8"?>
<!-- Generated by org.testng.reporters.JUnitReportReporter -->
<testsuite hostname="HRDTECHDESK" failures="0" tests="5" name="testCases.TC_004_loginDDT_1" time="8.603" errors="0" timestamp="2025-12-20T18:46:19 IST" skipped="0">
  <testcase classname="testCases.TC_004_loginDDT_1" name="performDDTLogin" time="0.007"/>
  <testcase classname="testCases.TC_004_loginDDT_1" name="performDDTLogin" time="8.560"/>
  <testcase classname="testCases.TC_004_loginDDT_1" name="performDDTLogin" time="0.017"/>
  <testcase classname="testCases.TC_004_loginDDT_1" name="performDDTLogin" time="0.011"/>
  <testcase classname="testCases.TC_004_loginDDT_1" name="performDDTLogin" time="0.008"/>
</testsuite> <!-- testCases.TC_004_loginDDT_1 -->
